11:24:00 **** Incremental Build of configuration Nios II for project usb_kb ****
make all 
Info: Building ../usb_kb_bsp/
D:/App/Quartus-lite-18.0.0.614-windows/nios2eds/bin/gnu/H-x86_64-mingw32/bin/make --no-print-directory -C ../usb_kb_bsp/
[BSP build complete]
[usb_kb build complete]
11:24:10 **** Incremental Build of configuration Nios II for project usb_kb ****
make all 
Info: Building ../usb_kb_bsp/
D:/App/Quartus-lite-18.0.0.614-windows/nios2eds/bin/gnu/H-x86_64-mingw32/bin/make --no-print-directory -C ../usb_kb_bsp/
[BSP build complete]
[usb_kb build complete]
11:57:53 **** Incremental Build of configuration Nios II for project usb_kb ****
make all 
Info: Building ../usb_kb_bsp/
D:/App/Quartus-lite-18.0.0.614-windows/nios2eds/bin/gnu/H-x86_64-mingw32/bin/make --no-print-directory -C ../usb_kb_bsp/
[BSP build complete]
[usb_kb build complete]
12:28:59 **** Incremental Build of configuration Nios II for project usb_kb ****
make all 
Info: Building ../usb_kb_bsp/
D:/App/Quartus-lite-18.0.0.614-windows/nios2eds/bin/gnu/H-x86_64-mingw32/bin/make --no-print-directory -C ../usb_kb_bsp/
[BSP build complete]
[usb_kb build complete]
12:37:29 **** Incremental Build of configuration Nios II for project usb_kb ****
make all 
Info: Building ../usb_kb_bsp/
D:/App/Quartus-lite-18.0.0.614-windows/nios2eds/bin/gnu/H-x86_64-mingw32/bin/make --no-print-directory -C ../usb_kb_bsp/
[BSP build complete]
[usb_kb build complete]
12:47:05 **** Incremental Build of configuration Nios II for project usb_kb ****
make all 
Info: Building ../usb_kb_bsp/
D:/App/Quartus-lite-18.0.0.614-windows/nios2eds/bin/gnu/H-x86_64-mingw32/bin/make --no-print-directory -C ../usb_kb_bsp/
[BSP build complete]
[usb_kb build complete]
12:52:31 **** Incremental Build of configuration Nios II for project usb_kb ****
make all 
Info: Building ../usb_kb_bsp/
D:/App/Quartus-lite-18.0.0.614-windows/nios2eds/bin/gnu/H-x86_64-mingw32/bin/make --no-print-directory -C ../usb_kb_bsp/
[BSP build complete]
[usb_kb build complete]
13:04:49 **** Incremental Build of configuration Nios II for project usb_kb ****
make all 
Info: Building ../usb_kb_bsp/
D:/App/Quartus-lite-18.0.0.614-windows/nios2eds/bin/gnu/H-x86_64-mingw32/bin/make --no-print-directory -C ../usb_kb_bsp/
[BSP build complete]
[usb_kb build complete]
13:04:49 **** Incremental Build of configuration Nios II for project usb_kb_bsp ****
make all 
[BSP build complete]
13:04:53 **** Incremental Build of configuration Nios II for project usb_kb ****
make all 
Info: Building ../usb_kb_bsp/
D:/App/Quartus-lite-18.0.0.614-windows/nios2eds/bin/gnu/H-x86_64-mingw32/bin/make --no-print-directory -C ../usb_kb_bsp/
[BSP build complete]
[usb_kb build complete]
13:12:58 **** Incremental Build of configuration Nios II for project usb_kb ****
make all 
Info: Building ../usb_kb_bsp/
D:/App/Quartus-lite-18.0.0.614-windows/nios2eds/bin/gnu/H-x86_64-mingw32/bin/make --no-print-directory -C ../usb_kb_bsp/
[BSP build complete]
[usb_kb build complete]
18:10:16 **** Incremental Build of configuration Nios II for project usb_kb ****
make all 
Info: Building ../usb_kb_bsp/
D:/App/Quartus-lite-18.0.0.614-windows/nios2eds/bin/gnu/H-x86_64-mingw32/bin/make --no-print-directory -C ../usb_kb_bsp/
[BSP build complete]
[usb_kb build complete]
