Analysis & Synthesis report for LAB6WEEK1_TEAM44
Wed Apr 02 19:43:02 2025
Quartus Prime Version 18.1.0 Build 625 09/12/2018 SJ Lite Edition


---------------------
; Table of Contents ;
---------------------
  1. Legal Notice
  2. Analysis & Synthesis Summary
  3. Analysis & Synthesis Settings
  4. Parallel Compilation
  5. Analysis & Synthesis Source Files Read
  6. Analysis & Synthesis Resource Usage Summary
  7. Analysis & Synthesis Resource Utilization by Entity
  8. State Machine - |lab6_toplevel|slc3:my_slc|ISDU:state_controller|State
  9. Registers Removed During Synthesis
 10. General Register Statistics
 11. Multiplexer Restructuring Statistics (Restructuring Performed)
 12. Parameter Settings for User Entity Instance: slc3:my_slc|tristate:tr0
 13. Parameter Settings for User Entity Instance: test_memory:my_test_memory
 14. Parameter Settings for User Entity Instance: test_memory:my_test_memory|memory_parser:parser
 15. Port Connectivity Checks: "slc3:my_slc|Mem2IO:memory_subsystem"
 16. Port Connectivity Checks: "slc3:my_slc|datapath:d0|Mux2IN_3B:Mux_DR"
 17. Port Connectivity Checks: "slc3:my_slc|datapath:d0|Mux4IN_16B:ADDR2_Mux"
 18. Port Connectivity Checks: "slc3:my_slc|datapath:d0|Mux4IN_16B:PC_mux"
 19. Post-Synthesis Netlist Statistics for Top Partition
 20. Elapsed Time Per Partition
 21. Analysis & Synthesis Messages
 22. Analysis & Synthesis Suppressed Messages



----------------
; Legal Notice ;
----------------
Copyright (C) 2018  Intel Corporation. All rights reserved.
Your use of Intel Corporation's design tools, logic functions 
and other software and tools, and its AMPP partner logic 
functions, and any output files from any of the foregoing 
(including device programming or simulation files), and any 
associated documentation or information are expressly subject 
to the terms and conditions of the Intel Program License 
Subscription Agreement, the Intel Quartus Prime License Agreement,
the Intel FPGA IP License Agreement, or other applicable license
agreement, including, without limitation, that your use is for
the sole purpose of programming logic devices manufactured by
Intel and sold by Intel or its authorized distributors.  Please
refer to the applicable agreement for further details.



+----------------------------------------------------------------------------------+
; Analysis & Synthesis Summary                                                     ;
+------------------------------------+---------------------------------------------+
; Analysis & Synthesis Status        ; Successful - Wed Apr 02 19:43:02 2025       ;
; Quartus Prime Version              ; 18.1.0 Build 625 09/12/2018 SJ Lite Edition ;
; Revision Name                      ; LAB6WEEK1_TEAM44                            ;
; Top-level Entity Name              ; lab6_toplevel                               ;
; Family                             ; Cyclone IV E                                ;
; Total logic elements               ; 184                                         ;
;     Total combinational functions  ; 136                                         ;
;     Dedicated logic registers      ; 103                                         ;
; Total registers                    ; 103                                         ;
; Total pins                         ; 129                                         ;
; Total virtual pins                 ; 0                                           ;
; Total memory bits                  ; 0                                           ;
; Embedded Multiplier 9-bit elements ; 0                                           ;
; Total PLLs                         ; 0                                           ;
+------------------------------------+---------------------------------------------+


+------------------------------------------------------------------------------------------------------------+
; Analysis & Synthesis Settings                                                                              ;
+------------------------------------------------------------------+--------------------+--------------------+
; Option                                                           ; Setting            ; Default Value      ;
+------------------------------------------------------------------+--------------------+--------------------+
; Device                                                           ; EP4CE115F29C7      ;                    ;
; Top-level entity name                                            ; lab6_toplevel      ; LAB6WEEK1_TEAM44   ;
; Family name                                                      ; Cyclone IV E       ; Cyclone V          ;
; Use smart compilation                                            ; Off                ; Off                ;
; Enable parallel Assembler and Timing Analyzer during compilation ; On                 ; On                 ;
; Enable compact report table                                      ; Off                ; Off                ;
; Restructure Multiplexers                                         ; Auto               ; Auto               ;
; Create Debugging Nodes for IP Cores                              ; Off                ; Off                ;
; Preserve fewer node names                                        ; On                 ; On                 ;
; Intel FPGA IP Evaluation Mode                                    ; Enable             ; Enable             ;
; Verilog Version                                                  ; Verilog_2001       ; Verilog_2001       ;
; VHDL Version                                                     ; VHDL_1993          ; VHDL_1993          ;
; State Machine Processing                                         ; Auto               ; Auto               ;
; Safe State Machine                                               ; Off                ; Off                ;
; Extract Verilog State Machines                                   ; On                 ; On                 ;
; Extract VHDL State Machines                                      ; On                 ; On                 ;
; Ignore Verilog initial constructs                                ; Off                ; Off                ;
; Iteration limit for constant Verilog loops                       ; 5000               ; 5000               ;
; Iteration limit for non-constant Verilog loops                   ; 250                ; 250                ;
; Add Pass-Through Logic to Inferred RAMs                          ; On                 ; On                 ;
; Infer RAMs from Raw Logic                                        ; On                 ; On                 ;
; Parallel Synthesis                                               ; On                 ; On                 ;
; DSP Block Balancing                                              ; Auto               ; Auto               ;
; NOT Gate Push-Back                                               ; On                 ; On                 ;
; Power-Up Don't Care                                              ; On                 ; On                 ;
; Remove Redundant Logic Cells                                     ; Off                ; Off                ;
; Remove Duplicate Registers                                       ; On                 ; On                 ;
; Ignore CARRY Buffers                                             ; Off                ; Off                ;
; Ignore CASCADE Buffers                                           ; Off                ; Off                ;
; Ignore GLOBAL Buffers                                            ; Off                ; Off                ;
; Ignore ROW GLOBAL Buffers                                        ; Off                ; Off                ;
; Ignore LCELL Buffers                                             ; Off                ; Off                ;
; Ignore SOFT Buffers                                              ; On                 ; On                 ;
; Limit AHDL Integers to 32 Bits                                   ; Off                ; Off                ;
; Optimization Technique                                           ; Balanced           ; Balanced           ;
; Carry Chain Length                                               ; 70                 ; 70                 ;
; Auto Carry Chains                                                ; On                 ; On                 ;
; Auto Open-Drain Pins                                             ; On                 ; On                 ;
; Perform WYSIWYG Primitive Resynthesis                            ; Off                ; Off                ;
; Auto ROM Replacement                                             ; On                 ; On                 ;
; Auto RAM Replacement                                             ; On                 ; On                 ;
; Auto DSP Block Replacement                                       ; On                 ; On                 ;
; Auto Shift Register Replacement                                  ; Auto               ; Auto               ;
; Allow Shift Register Merging across Hierarchies                  ; Auto               ; Auto               ;
; Auto Clock Enable Replacement                                    ; On                 ; On                 ;
; Strict RAM Replacement                                           ; Off                ; Off                ;
; Allow Synchronous Control Signals                                ; On                 ; On                 ;
; Force Use of Synchronous Clear Signals                           ; Off                ; Off                ;
; Auto RAM Block Balancing                                         ; On                 ; On                 ;
; Auto RAM to Logic Cell Conversion                                ; Off                ; Off                ;
; Auto Resource Sharing                                            ; Off                ; Off                ;
; Allow Any RAM Size For Recognition                               ; Off                ; Off                ;
; Allow Any ROM Size For Recognition                               ; Off                ; Off                ;
; Allow Any Shift Register Size For Recognition                    ; Off                ; Off                ;
; Use LogicLock Constraints during Resource Balancing              ; On                 ; On                 ;
; Ignore translate_off and synthesis_off directives                ; Off                ; Off                ;
; Timing-Driven Synthesis                                          ; On                 ; On                 ;
; Report Parameter Settings                                        ; On                 ; On                 ;
; Report Source Assignments                                        ; On                 ; On                 ;
; Report Connectivity Checks                                       ; On                 ; On                 ;
; Ignore Maximum Fan-Out Assignments                               ; Off                ; Off                ;
; Synchronization Register Chain Length                            ; 2                  ; 2                  ;
; Power Optimization During Synthesis                              ; Normal compilation ; Normal compilation ;
; HDL message level                                                ; Level2             ; Level2             ;
; Suppress Register Optimization Related Messages                  ; Off                ; Off                ;
; Number of Removed Registers Reported in Synthesis Report         ; 5000               ; 5000               ;
; Number of Swept Nodes Reported in Synthesis Report               ; 5000               ; 5000               ;
; Number of Inverted Registers Reported in Synthesis Report        ; 100                ; 100                ;
; Clock MUX Protection                                             ; On                 ; On                 ;
; Auto Gated Clock Conversion                                      ; Off                ; Off                ;
; Block Design Naming                                              ; Auto               ; Auto               ;
; SDC constraint protection                                        ; Off                ; Off                ;
; Synthesis Effort                                                 ; Auto               ; Auto               ;
; Shift Register Replacement - Allow Asynchronous Clear Signal     ; On                 ; On                 ;
; Pre-Mapping Resynthesis Optimization                             ; Off                ; Off                ;
; Analysis & Synthesis Message Level                               ; Medium             ; Medium             ;
; Disable Register Merging Across Hierarchies                      ; Auto               ; Auto               ;
; Resource Aware Inference For Block RAM                           ; On                 ; On                 ;
+------------------------------------------------------------------+--------------------+--------------------+


+------------------------------------------+
; Parallel Compilation                     ;
+----------------------------+-------------+
; Processors                 ; Number      ;
+----------------------------+-------------+
; Number detected on machine ; 16          ;
; Maximum allowed            ; 16          ;
;                            ;             ;
; Average used               ; 1.00        ;
; Maximum used               ; 16          ;
;                            ;             ;
; Usage by Processor         ; % Time Used ;
;     Processor 1            ; 100.0%      ;
;     Processors 2-16        ;   0.0%      ;
+----------------------------+-------------+


+-------------------------------------------------------------------------------------------------------------------------------------------------------------------------------------------------------+
; Analysis & Synthesis Source Files Read                                                                                                                                                                ;
+----------------------------------+-----------------+------------------------------+---------------------------------------------------------------------------------------------------------+---------+
; File Name with User-Entered Path ; Used in Netlist ; File Type                    ; File Name with Absolute Path                                                                            ; Library ;
+----------------------------------+-----------------+------------------------------+---------------------------------------------------------------------------------------------------------+---------+
; ALU.sv                           ; yes             ; User SystemVerilog HDL File  ; C:/Users/artha/OneDrive/Documents/Lecture/Year 2025 Spring Semester/LAB6WEEK1_TEAM44/ALU.sv             ;         ;
; datapath.sv                      ; yes             ; User SystemVerilog HDL File  ; C:/Users/artha/OneDrive/Documents/Lecture/Year 2025 Spring Semester/LAB6WEEK1_TEAM44/datapath.sv        ;         ;
; HexDriver.sv                     ; yes             ; User SystemVerilog HDL File  ; C:/Users/artha/OneDrive/Documents/Lecture/Year 2025 Spring Semester/LAB6WEEK1_TEAM44/HexDriver.sv       ;         ;
; ISDU.sv                          ; yes             ; User SystemVerilog HDL File  ; C:/Users/artha/OneDrive/Documents/Lecture/Year 2025 Spring Semester/LAB6WEEK1_TEAM44/ISDU.sv            ;         ;
; lab6_toplevel.sv                 ; yes             ; User SystemVerilog HDL File  ; C:/Users/artha/OneDrive/Documents/Lecture/Year 2025 Spring Semester/LAB6WEEK1_TEAM44/lab6_toplevel.sv   ;         ;
; Mem2IO.sv                        ; yes             ; User SystemVerilog HDL File  ; C:/Users/artha/OneDrive/Documents/Lecture/Year 2025 Spring Semester/LAB6WEEK1_TEAM44/Mem2IO.sv          ;         ;
; memory_contents.sv               ; yes             ; User SystemVerilog HDL File  ; C:/Users/artha/OneDrive/Documents/Lecture/Year 2025 Spring Semester/LAB6WEEK1_TEAM44/memory_contents.sv ;         ;
; MUX.sv                           ; yes             ; User SystemVerilog HDL File  ; C:/Users/artha/OneDrive/Documents/Lecture/Year 2025 Spring Semester/LAB6WEEK1_TEAM44/MUX.sv             ;         ;
; reg_file.sv                      ; yes             ; User SystemVerilog HDL File  ; C:/Users/artha/OneDrive/Documents/Lecture/Year 2025 Spring Semester/LAB6WEEK1_TEAM44/reg_file.sv        ;         ;
; register.sv                      ; yes             ; User SystemVerilog HDL File  ; C:/Users/artha/OneDrive/Documents/Lecture/Year 2025 Spring Semester/LAB6WEEK1_TEAM44/register.sv        ;         ;
; SEXT.sv                          ; yes             ; User SystemVerilog HDL File  ; C:/Users/artha/OneDrive/Documents/Lecture/Year 2025 Spring Semester/LAB6WEEK1_TEAM44/SEXT.sv            ;         ;
; slc3.sv                          ; yes             ; User SystemVerilog HDL File  ; C:/Users/artha/OneDrive/Documents/Lecture/Year 2025 Spring Semester/LAB6WEEK1_TEAM44/slc3.sv            ;         ;
; SLC3_2.sv                        ; yes             ; User SystemVerilog HDL File  ; C:/Users/artha/OneDrive/Documents/Lecture/Year 2025 Spring Semester/LAB6WEEK1_TEAM44/SLC3_2.sv          ;         ;
; test_memory.sv                   ; yes             ; User SystemVerilog HDL File  ; C:/Users/artha/OneDrive/Documents/Lecture/Year 2025 Spring Semester/LAB6WEEK1_TEAM44/test_memory.sv     ;         ;
; tristate.sv                      ; yes             ; User SystemVerilog HDL File  ; C:/Users/artha/OneDrive/Documents/Lecture/Year 2025 Spring Semester/LAB6WEEK1_TEAM44/tristate.sv        ;         ;
+----------------------------------+-----------------+------------------------------+---------------------------------------------------------------------------------------------------------+---------+


+---------------------------------------------------------+
; Analysis & Synthesis Resource Usage Summary             ;
+---------------------------------------------+-----------+
; Resource                                    ; Usage     ;
+---------------------------------------------+-----------+
; Estimated Total logic elements              ; 184       ;
;                                             ;           ;
; Total combinational functions               ; 136       ;
; Logic element usage by number of LUT inputs ;           ;
;     -- 4 input functions                    ; 79        ;
;     -- 3 input functions                    ; 18        ;
;     -- <=2 input functions                  ; 39        ;
;                                             ;           ;
; Logic elements by mode                      ;           ;
;     -- normal mode                          ; 121       ;
;     -- arithmetic mode                      ; 15        ;
;                                             ;           ;
; Total registers                             ; 103       ;
;     -- Dedicated logic registers            ; 103       ;
;     -- I/O registers                        ; 0         ;
;                                             ;           ;
; I/O pins                                    ; 129       ;
;                                             ;           ;
; Embedded Multiplier 9-bit elements          ; 0         ;
;                                             ;           ;
; Maximum fan-out node                        ; Clk~input ;
; Maximum fan-out                             ; 103       ;
; Total fan-out                               ; 1017      ;
; Average fan-out                             ; 1.98      ;
+---------------------------------------------+-----------+


+---------------------------------------------------------------------------------------------------------------------------------------------------------------------------------------------------------------------------------------------------------+
; Analysis & Synthesis Resource Utilization by Entity                                                                                                                                                                                                     ;
+---------------------------------+---------------------+---------------------------+-------------+--------------+---------+-----------+------+--------------+-------------------------------------------------------------+---------------+--------------+
; Compilation Hierarchy Node      ; Combinational ALUTs ; Dedicated Logic Registers ; Memory Bits ; DSP Elements ; DSP 9x9 ; DSP 18x18 ; Pins ; Virtual Pins ; Full Hierarchy Name                                         ; Entity Name   ; Library Name ;
+---------------------------------+---------------------+---------------------------+-------------+--------------+---------+-----------+------+--------------+-------------------------------------------------------------+---------------+--------------+
; |lab6_toplevel                  ; 136 (0)             ; 103 (0)                   ; 0           ; 0            ; 0       ; 0         ; 129  ; 0            ; |lab6_toplevel                                              ; lab6_toplevel ; work         ;
;    |slc3:my_slc|                ; 136 (0)             ; 103 (0)                   ; 0           ; 0            ; 0       ; 0         ; 0    ; 0            ; |lab6_toplevel|slc3:my_slc                                  ; slc3          ; work         ;
;       |HexDriver:hex_driver0|   ; 7 (7)               ; 0 (0)                     ; 0           ; 0            ; 0       ; 0         ; 0    ; 0            ; |lab6_toplevel|slc3:my_slc|HexDriver:hex_driver0            ; HexDriver     ; work         ;
;       |HexDriver:hex_driver1|   ; 7 (7)               ; 0 (0)                     ; 0           ; 0            ; 0       ; 0         ; 0    ; 0            ; |lab6_toplevel|slc3:my_slc|HexDriver:hex_driver1            ; HexDriver     ; work         ;
;       |HexDriver:hex_driver2|   ; 7 (7)               ; 0 (0)                     ; 0           ; 0            ; 0       ; 0         ; 0    ; 0            ; |lab6_toplevel|slc3:my_slc|HexDriver:hex_driver2            ; HexDriver     ; work         ;
;       |HexDriver:hex_driver3|   ; 7 (7)               ; 0 (0)                     ; 0           ; 0            ; 0       ; 0         ; 0    ; 0            ; |lab6_toplevel|slc3:my_slc|HexDriver:hex_driver3            ; HexDriver     ; work         ;
;       |HexDriver:hex_driver4|   ; 7 (7)               ; 0 (0)                     ; 0           ; 0            ; 0       ; 0         ; 0    ; 0            ; |lab6_toplevel|slc3:my_slc|HexDriver:hex_driver4            ; HexDriver     ; work         ;
;       |HexDriver:hex_driver5|   ; 7 (7)               ; 0 (0)                     ; 0           ; 0            ; 0       ; 0         ; 0    ; 0            ; |lab6_toplevel|slc3:my_slc|HexDriver:hex_driver5            ; HexDriver     ; work         ;
;       |HexDriver:hex_driver6|   ; 7 (7)               ; 0 (0)                     ; 0           ; 0            ; 0       ; 0         ; 0    ; 0            ; |lab6_toplevel|slc3:my_slc|HexDriver:hex_driver6            ; HexDriver     ; work         ;
;       |HexDriver:hex_driver7|   ; 7 (7)               ; 0 (0)                     ; 0           ; 0            ; 0       ; 0         ; 0    ; 0            ; |lab6_toplevel|slc3:my_slc|HexDriver:hex_driver7            ; HexDriver     ; work         ;
;       |ISDU:state_controller|   ; 8 (8)               ; 7 (7)                     ; 0           ; 0            ; 0       ; 0         ; 0    ; 0            ; |lab6_toplevel|slc3:my_slc|ISDU:state_controller            ; ISDU          ; work         ;
;       |Mem2IO:memory_subsystem| ; 5 (5)               ; 0 (0)                     ; 0           ; 0            ; 0       ; 0         ; 0    ; 0            ; |lab6_toplevel|slc3:my_slc|Mem2IO:memory_subsystem          ; Mem2IO        ; work         ;
;       |datapath:d0|             ; 67 (0)              ; 64 (0)                    ; 0           ; 0            ; 0       ; 0         ; 0    ; 0            ; |lab6_toplevel|slc3:my_slc|datapath:d0                      ; datapath      ; work         ;
;          |Mux_FOR_BUS:bus_mux|  ; 16 (16)             ; 0 (0)                     ; 0           ; 0            ; 0       ; 0         ; 0    ; 0            ; |lab6_toplevel|slc3:my_slc|datapath:d0|Mux_FOR_BUS:bus_mux  ; Mux_FOR_BUS   ; work         ;
;          |register_16B:IR_reg|  ; 17 (17)             ; 16 (16)                   ; 0           ; 0            ; 0       ; 0         ; 0    ; 0            ; |lab6_toplevel|slc3:my_slc|datapath:d0|register_16B:IR_reg  ; register_16B  ; work         ;
;          |register_16B:MAR_reg| ; 0 (0)               ; 16 (16)                   ; 0           ; 0            ; 0       ; 0         ; 0    ; 0            ; |lab6_toplevel|slc3:my_slc|datapath:d0|register_16B:MAR_reg ; register_16B  ; work         ;
;          |register_16B:MDR_reg| ; 17 (17)             ; 16 (16)                   ; 0           ; 0            ; 0       ; 0         ; 0    ; 0            ; |lab6_toplevel|slc3:my_slc|datapath:d0|register_16B:MDR_reg ; register_16B  ; work         ;
;          |register_16B:PC_reg|  ; 17 (17)             ; 16 (16)                   ; 0           ; 0            ; 0       ; 0         ; 0    ; 0            ; |lab6_toplevel|slc3:my_slc|datapath:d0|register_16B:PC_reg  ; register_16B  ; work         ;
;       |tristate:tr0|            ; 0 (0)               ; 32 (32)                   ; 0           ; 0            ; 0       ; 0         ; 0    ; 0            ; |lab6_toplevel|slc3:my_slc|tristate:tr0                     ; tristate      ; work         ;
+---------------------------------+---------------------+---------------------------+-------------+--------------+---------+-----------+------+--------------+-------------------------------------------------------------+---------------+--------------+
Note: For table entries with two numbers listed, the numbers in parentheses indicate the number of resources of the given type used by the specific entity alone. The numbers listed outside of parentheses indicate the total resources of the given type used by the specific entity and all of its sub-entities in the hierarchy.


Encoding Type:  One-Hot
+---------------------------------------------------------------------------------------------------------------------------------------------------+
; State Machine - |lab6_toplevel|slc3:my_slc|ISDU:state_controller|State                                                                            ;
+----------------+------------+------------+--------------+--------------+------------+----------------+----------------+--------------+------------+
; Name           ; State.S_32 ; State.S_35 ; State.S_33_2 ; State.S_33_1 ; State.S_18 ; State.PauseIR2 ; State.PauseIR1 ; State.Halted ; State.S_01 ;
+----------------+------------+------------+--------------+--------------+------------+----------------+----------------+--------------+------------+
; State.Halted   ; 0          ; 0          ; 0            ; 0            ; 0          ; 0              ; 0              ; 0            ; 0          ;
; State.PauseIR1 ; 0          ; 0          ; 0            ; 0            ; 0          ; 0              ; 1              ; 1            ; 0          ;
; State.PauseIR2 ; 0          ; 0          ; 0            ; 0            ; 0          ; 1              ; 0              ; 1            ; 0          ;
; State.S_18     ; 0          ; 0          ; 0            ; 0            ; 1          ; 0              ; 0              ; 1            ; 0          ;
; State.S_33_1   ; 0          ; 0          ; 0            ; 1            ; 0          ; 0              ; 0              ; 1            ; 0          ;
; State.S_33_2   ; 0          ; 0          ; 1            ; 0            ; 0          ; 0              ; 0              ; 1            ; 0          ;
; State.S_35     ; 0          ; 1          ; 0            ; 0            ; 0          ; 0              ; 0              ; 1            ; 0          ;
; State.S_32     ; 1          ; 0          ; 0            ; 0            ; 0          ; 0              ; 0              ; 1            ; 0          ;
; State.S_01     ; 0          ; 0          ; 0            ; 0            ; 0          ; 0              ; 0              ; 1            ; 1          ;
+----------------+------------+------------+--------------+--------------+------------+----------------+----------------+--------------+------------+


+---------------------------------------------------------------------------------------------------------+
; Registers Removed During Synthesis                                                                      ;
+----------------------------------------------------------------+----------------------------------------+
; Register name                                                  ; Reason for Removal                     ;
+----------------------------------------------------------------+----------------------------------------+
; slc3:my_slc|datapath:d0|register_12B:LED_reg|Data_out[0..11]   ; Stuck at GND due to stuck port data_in ;
; slc3:my_slc|datapath:d0|register_file:REGISTER|register[0][15] ; Lost fanout                            ;
; slc3:my_slc|datapath:d0|register_file:REGISTER|register[1][15] ; Lost fanout                            ;
; slc3:my_slc|datapath:d0|register_file:REGISTER|register[2][15] ; Lost fanout                            ;
; slc3:my_slc|datapath:d0|register_file:REGISTER|register[3][15] ; Lost fanout                            ;
; slc3:my_slc|datapath:d0|register_file:REGISTER|register[4][15] ; Lost fanout                            ;
; slc3:my_slc|datapath:d0|register_file:REGISTER|register[5][15] ; Lost fanout                            ;
; slc3:my_slc|datapath:d0|register_file:REGISTER|register[6][15] ; Lost fanout                            ;
; slc3:my_slc|datapath:d0|register_file:REGISTER|register[7][15] ; Lost fanout                            ;
; slc3:my_slc|datapath:d0|register_file:REGISTER|register[0][14] ; Lost fanout                            ;
; slc3:my_slc|datapath:d0|register_file:REGISTER|register[1][14] ; Lost fanout                            ;
; slc3:my_slc|datapath:d0|register_file:REGISTER|register[2][14] ; Lost fanout                            ;
; slc3:my_slc|datapath:d0|register_file:REGISTER|register[3][14] ; Lost fanout                            ;
; slc3:my_slc|datapath:d0|register_file:REGISTER|register[4][14] ; Lost fanout                            ;
; slc3:my_slc|datapath:d0|register_file:REGISTER|register[5][14] ; Lost fanout                            ;
; slc3:my_slc|datapath:d0|register_file:REGISTER|register[6][14] ; Lost fanout                            ;
; slc3:my_slc|datapath:d0|register_file:REGISTER|register[7][14] ; Lost fanout                            ;
; slc3:my_slc|datapath:d0|register_file:REGISTER|register[0][13] ; Lost fanout                            ;
; slc3:my_slc|datapath:d0|register_file:REGISTER|register[1][13] ; Lost fanout                            ;
; slc3:my_slc|datapath:d0|register_file:REGISTER|register[2][13] ; Lost fanout                            ;
; slc3:my_slc|datapath:d0|register_file:REGISTER|register[3][13] ; Lost fanout                            ;
; slc3:my_slc|datapath:d0|register_file:REGISTER|register[4][13] ; Lost fanout                            ;
; slc3:my_slc|datapath:d0|register_file:REGISTER|register[5][13] ; Lost fanout                            ;
; slc3:my_slc|datapath:d0|register_file:REGISTER|register[6][13] ; Lost fanout                            ;
; slc3:my_slc|datapath:d0|register_file:REGISTER|register[7][13] ; Lost fanout                            ;
; slc3:my_slc|datapath:d0|register_file:REGISTER|register[0][12] ; Lost fanout                            ;
; slc3:my_slc|datapath:d0|register_file:REGISTER|register[1][12] ; Lost fanout                            ;
; slc3:my_slc|datapath:d0|register_file:REGISTER|register[2][12] ; Lost fanout                            ;
; slc3:my_slc|datapath:d0|register_file:REGISTER|register[3][12] ; Lost fanout                            ;
; slc3:my_slc|datapath:d0|register_file:REGISTER|register[4][12] ; Lost fanout                            ;
; slc3:my_slc|datapath:d0|register_file:REGISTER|register[5][12] ; Lost fanout                            ;
; slc3:my_slc|datapath:d0|register_file:REGISTER|register[6][12] ; Lost fanout                            ;
; slc3:my_slc|datapath:d0|register_file:REGISTER|register[7][12] ; Lost fanout                            ;
; slc3:my_slc|datapath:d0|register_file:REGISTER|register[0][11] ; Lost fanout                            ;
; slc3:my_slc|datapath:d0|register_file:REGISTER|register[1][11] ; Lost fanout                            ;
; slc3:my_slc|datapath:d0|register_file:REGISTER|register[2][11] ; Lost fanout                            ;
; slc3:my_slc|datapath:d0|register_file:REGISTER|register[3][11] ; Lost fanout                            ;
; slc3:my_slc|datapath:d0|register_file:REGISTER|register[4][11] ; Lost fanout                            ;
; slc3:my_slc|datapath:d0|register_file:REGISTER|register[5][11] ; Lost fanout                            ;
; slc3:my_slc|datapath:d0|register_file:REGISTER|register[6][11] ; Lost fanout                            ;
; slc3:my_slc|datapath:d0|register_file:REGISTER|register[7][11] ; Lost fanout                            ;
; slc3:my_slc|datapath:d0|register_file:REGISTER|register[0][10] ; Lost fanout                            ;
; slc3:my_slc|datapath:d0|register_file:REGISTER|register[1][10] ; Lost fanout                            ;
; slc3:my_slc|datapath:d0|register_file:REGISTER|register[2][10] ; Lost fanout                            ;
; slc3:my_slc|datapath:d0|register_file:REGISTER|register[3][10] ; Lost fanout                            ;
; slc3:my_slc|datapath:d0|register_file:REGISTER|register[4][10] ; Lost fanout                            ;
; slc3:my_slc|datapath:d0|register_file:REGISTER|register[5][10] ; Lost fanout                            ;
; slc3:my_slc|datapath:d0|register_file:REGISTER|register[6][10] ; Lost fanout                            ;
; slc3:my_slc|datapath:d0|register_file:REGISTER|register[7][10] ; Lost fanout                            ;
; slc3:my_slc|datapath:d0|register_file:REGISTER|register[0][9]  ; Lost fanout                            ;
; slc3:my_slc|datapath:d0|register_file:REGISTER|register[1][9]  ; Lost fanout                            ;
; slc3:my_slc|datapath:d0|register_file:REGISTER|register[2][9]  ; Lost fanout                            ;
; slc3:my_slc|datapath:d0|register_file:REGISTER|register[3][9]  ; Lost fanout                            ;
; slc3:my_slc|datapath:d0|register_file:REGISTER|register[4][9]  ; Lost fanout                            ;
; slc3:my_slc|datapath:d0|register_file:REGISTER|register[5][9]  ; Lost fanout                            ;
; slc3:my_slc|datapath:d0|register_file:REGISTER|register[6][9]  ; Lost fanout                            ;
; slc3:my_slc|datapath:d0|register_file:REGISTER|register[7][9]  ; Lost fanout                            ;
; slc3:my_slc|datapath:d0|register_file:REGISTER|register[0][8]  ; Lost fanout                            ;
; slc3:my_slc|datapath:d0|register_file:REGISTER|register[1][8]  ; Lost fanout                            ;
; slc3:my_slc|datapath:d0|register_file:REGISTER|register[2][8]  ; Lost fanout                            ;
; slc3:my_slc|datapath:d0|register_file:REGISTER|register[3][8]  ; Lost fanout                            ;
; slc3:my_slc|datapath:d0|register_file:REGISTER|register[4][8]  ; Lost fanout                            ;
; slc3:my_slc|datapath:d0|register_file:REGISTER|register[5][8]  ; Lost fanout                            ;
; slc3:my_slc|datapath:d0|register_file:REGISTER|register[6][8]  ; Lost fanout                            ;
; slc3:my_slc|datapath:d0|register_file:REGISTER|register[7][8]  ; Lost fanout                            ;
; slc3:my_slc|datapath:d0|register_file:REGISTER|register[0][7]  ; Lost fanout                            ;
; slc3:my_slc|datapath:d0|register_file:REGISTER|register[1][7]  ; Lost fanout                            ;
; slc3:my_slc|datapath:d0|register_file:REGISTER|register[2][7]  ; Lost fanout                            ;
; slc3:my_slc|datapath:d0|register_file:REGISTER|register[3][7]  ; Lost fanout                            ;
; slc3:my_slc|datapath:d0|register_file:REGISTER|register[4][7]  ; Lost fanout                            ;
; slc3:my_slc|datapath:d0|register_file:REGISTER|register[5][7]  ; Lost fanout                            ;
; slc3:my_slc|datapath:d0|register_file:REGISTER|register[6][7]  ; Lost fanout                            ;
; slc3:my_slc|datapath:d0|register_file:REGISTER|register[7][7]  ; Lost fanout                            ;
; slc3:my_slc|datapath:d0|register_file:REGISTER|register[0][6]  ; Lost fanout                            ;
; slc3:my_slc|datapath:d0|register_file:REGISTER|register[1][6]  ; Lost fanout                            ;
; slc3:my_slc|datapath:d0|register_file:REGISTER|register[2][6]  ; Lost fanout                            ;
; slc3:my_slc|datapath:d0|register_file:REGISTER|register[3][6]  ; Lost fanout                            ;
; slc3:my_slc|datapath:d0|register_file:REGISTER|register[4][6]  ; Lost fanout                            ;
; slc3:my_slc|datapath:d0|register_file:REGISTER|register[5][6]  ; Lost fanout                            ;
; slc3:my_slc|datapath:d0|register_file:REGISTER|register[6][6]  ; Lost fanout                            ;
; slc3:my_slc|datapath:d0|register_file:REGISTER|register[7][6]  ; Lost fanout                            ;
; slc3:my_slc|datapath:d0|register_file:REGISTER|register[0][5]  ; Lost fanout                            ;
; slc3:my_slc|datapath:d0|register_file:REGISTER|register[1][5]  ; Lost fanout                            ;
; slc3:my_slc|datapath:d0|register_file:REGISTER|register[2][5]  ; Lost fanout                            ;
; slc3:my_slc|datapath:d0|register_file:REGISTER|register[3][5]  ; Lost fanout                            ;
; slc3:my_slc|datapath:d0|register_file:REGISTER|register[4][5]  ; Lost fanout                            ;
; slc3:my_slc|datapath:d0|register_file:REGISTER|register[5][5]  ; Lost fanout                            ;
; slc3:my_slc|datapath:d0|register_file:REGISTER|register[6][5]  ; Lost fanout                            ;
; slc3:my_slc|datapath:d0|register_file:REGISTER|register[7][5]  ; Lost fanout                            ;
; slc3:my_slc|datapath:d0|register_file:REGISTER|register[0][4]  ; Lost fanout                            ;
; slc3:my_slc|datapath:d0|register_file:REGISTER|register[1][4]  ; Lost fanout                            ;
; slc3:my_slc|datapath:d0|register_file:REGISTER|register[2][4]  ; Lost fanout                            ;
; slc3:my_slc|datapath:d0|register_file:REGISTER|register[3][4]  ; Lost fanout                            ;
; slc3:my_slc|datapath:d0|register_file:REGISTER|register[4][4]  ; Lost fanout                            ;
; slc3:my_slc|datapath:d0|register_file:REGISTER|register[5][4]  ; Lost fanout                            ;
; slc3:my_slc|datapath:d0|register_file:REGISTER|register[6][4]  ; Lost fanout                            ;
; slc3:my_slc|datapath:d0|register_file:REGISTER|register[7][4]  ; Lost fanout                            ;
; slc3:my_slc|datapath:d0|register_file:REGISTER|register[0][3]  ; Lost fanout                            ;
; slc3:my_slc|datapath:d0|register_file:REGISTER|register[1][3]  ; Lost fanout                            ;
; slc3:my_slc|datapath:d0|register_file:REGISTER|register[2][3]  ; Lost fanout                            ;
; slc3:my_slc|datapath:d0|register_file:REGISTER|register[3][3]  ; Lost fanout                            ;
; slc3:my_slc|datapath:d0|register_file:REGISTER|register[4][3]  ; Lost fanout                            ;
; slc3:my_slc|datapath:d0|register_file:REGISTER|register[5][3]  ; Lost fanout                            ;
; slc3:my_slc|datapath:d0|register_file:REGISTER|register[6][3]  ; Lost fanout                            ;
; slc3:my_slc|datapath:d0|register_file:REGISTER|register[7][3]  ; Lost fanout                            ;
; slc3:my_slc|datapath:d0|register_file:REGISTER|register[0][2]  ; Lost fanout                            ;
; slc3:my_slc|datapath:d0|register_file:REGISTER|register[1][2]  ; Lost fanout                            ;
; slc3:my_slc|datapath:d0|register_file:REGISTER|register[2][2]  ; Lost fanout                            ;
; slc3:my_slc|datapath:d0|register_file:REGISTER|register[3][2]  ; Lost fanout                            ;
; slc3:my_slc|datapath:d0|register_file:REGISTER|register[4][2]  ; Lost fanout                            ;
; slc3:my_slc|datapath:d0|register_file:REGISTER|register[5][2]  ; Lost fanout                            ;
; slc3:my_slc|datapath:d0|register_file:REGISTER|register[6][2]  ; Lost fanout                            ;
; slc3:my_slc|datapath:d0|register_file:REGISTER|register[7][2]  ; Lost fanout                            ;
; slc3:my_slc|datapath:d0|register_file:REGISTER|register[0][1]  ; Lost fanout                            ;
; slc3:my_slc|datapath:d0|register_file:REGISTER|register[1][1]  ; Lost fanout                            ;
; slc3:my_slc|datapath:d0|register_file:REGISTER|register[2][1]  ; Lost fanout                            ;
; slc3:my_slc|datapath:d0|register_file:REGISTER|register[3][1]  ; Lost fanout                            ;
; slc3:my_slc|datapath:d0|register_file:REGISTER|register[4][1]  ; Lost fanout                            ;
; slc3:my_slc|datapath:d0|register_file:REGISTER|register[5][1]  ; Lost fanout                            ;
; slc3:my_slc|datapath:d0|register_file:REGISTER|register[6][1]  ; Lost fanout                            ;
; slc3:my_slc|datapath:d0|register_file:REGISTER|register[7][1]  ; Lost fanout                            ;
; slc3:my_slc|datapath:d0|register_file:REGISTER|register[0][0]  ; Lost fanout                            ;
; slc3:my_slc|datapath:d0|register_file:REGISTER|register[1][0]  ; Lost fanout                            ;
; slc3:my_slc|datapath:d0|register_file:REGISTER|register[2][0]  ; Lost fanout                            ;
; slc3:my_slc|datapath:d0|register_file:REGISTER|register[3][0]  ; Lost fanout                            ;
; slc3:my_slc|datapath:d0|register_file:REGISTER|register[4][0]  ; Lost fanout                            ;
; slc3:my_slc|datapath:d0|register_file:REGISTER|register[5][0]  ; Lost fanout                            ;
; slc3:my_slc|datapath:d0|register_file:REGISTER|register[6][0]  ; Lost fanout                            ;
; slc3:my_slc|datapath:d0|register_file:REGISTER|register[7][0]  ; Lost fanout                            ;
; slc3:my_slc|ISDU:state_controller|State.S_32                   ; Lost fanout                            ;
; slc3:my_slc|ISDU:state_controller|State.S_01                   ; Lost fanout                            ;
; slc3:my_slc|ISDU:state_controller|State~2                      ; Lost fanout                            ;
; slc3:my_slc|ISDU:state_controller|State~3                      ; Lost fanout                            ;
; slc3:my_slc|ISDU:state_controller|State~4                      ; Lost fanout                            ;
; Total Number of Removed Registers = 145                        ;                                        ;
+----------------------------------------------------------------+----------------------------------------+


+------------------------------------------------------+
; General Register Statistics                          ;
+----------------------------------------------+-------+
; Statistic                                    ; Value ;
+----------------------------------------------+-------+
; Total registers                              ; 103   ;
; Number of registers using Synchronous Clear  ; 34    ;
; Number of registers using Synchronous Load   ; 16    ;
; Number of registers using Asynchronous Clear ; 0     ;
; Number of registers using Asynchronous Load  ; 0     ;
; Number of registers using Clock Enable       ; 64    ;
; Number of registers using Preset             ; 0     ;
+----------------------------------------------+-------+


+---------------------------------------------------------------------------------------------------------------------------------------------------------------------------------------------+
; Multiplexer Restructuring Statistics (Restructuring Performed)                                                                                                                              ;
+--------------------+-----------+---------------+----------------------+------------------------+------------+-------------------------------------------------------------------------------+
; Multiplexer Inputs ; Bus Width ; Baseline Area ; Area if Restructured ; Saving if Restructured ; Registered ; Example Multiplexer Output                                                    ;
+--------------------+-----------+---------------+----------------------+------------------------+------------+-------------------------------------------------------------------------------+
; 3:1                ; 32 bits   ; 64 LEs        ; 32 LEs               ; 32 LEs                 ; Yes        ; |lab6_toplevel|slc3:my_slc|datapath:d0|register_16B:PC_reg|Data_out[2]        ;
; 3:1                ; 16 bits   ; 32 LEs        ; 16 LEs               ; 16 LEs                 ; Yes        ; |lab6_toplevel|slc3:my_slc|datapath:d0|register_16B:IR_reg|Data_out[4]        ;
; 3:1                ; 16 bits   ; 32 LEs        ; 16 LEs               ; 16 LEs                 ; Yes        ; |lab6_toplevel|slc3:my_slc|datapath:d0|register_file:REGISTER|register[0][0]  ;
; 3:1                ; 16 bits   ; 32 LEs        ; 16 LEs               ; 16 LEs                 ; Yes        ; |lab6_toplevel|slc3:my_slc|datapath:d0|register_file:REGISTER|register[1][12] ;
; 3:1                ; 16 bits   ; 32 LEs        ; 16 LEs               ; 16 LEs                 ; Yes        ; |lab6_toplevel|slc3:my_slc|datapath:d0|register_file:REGISTER|register[2][7]  ;
; 3:1                ; 16 bits   ; 32 LEs        ; 16 LEs               ; 16 LEs                 ; Yes        ; |lab6_toplevel|slc3:my_slc|datapath:d0|register_file:REGISTER|register[3][7]  ;
; 3:1                ; 16 bits   ; 32 LEs        ; 16 LEs               ; 16 LEs                 ; Yes        ; |lab6_toplevel|slc3:my_slc|datapath:d0|register_file:REGISTER|register[4][13] ;
; 3:1                ; 16 bits   ; 32 LEs        ; 16 LEs               ; 16 LEs                 ; Yes        ; |lab6_toplevel|slc3:my_slc|datapath:d0|register_file:REGISTER|register[5][9]  ;
; 3:1                ; 16 bits   ; 32 LEs        ; 16 LEs               ; 16 LEs                 ; Yes        ; |lab6_toplevel|slc3:my_slc|datapath:d0|register_file:REGISTER|register[6][12] ;
; 3:1                ; 16 bits   ; 32 LEs        ; 16 LEs               ; 16 LEs                 ; Yes        ; |lab6_toplevel|slc3:my_slc|datapath:d0|register_file:REGISTER|register[7][10] ;
; 5:1                ; 16 bits   ; 48 LEs        ; 32 LEs               ; 16 LEs                 ; Yes        ; |lab6_toplevel|slc3:my_slc|datapath:d0|register_16B:MDR_reg|Data_out[2]       ;
; 8:1                ; 16 bits   ; 80 LEs        ; 64 LEs               ; 16 LEs                 ; No         ; |lab6_toplevel|slc3:my_slc|datapath:d0|Mux_FOR_BUS:bus_mux|Mux2               ;
; 8:1                ; 16 bits   ; 80 LEs        ; 80 LEs               ; 0 LEs                  ; No         ; |lab6_toplevel|slc3:my_slc|datapath:d0|register_file:REGISTER|Mux15           ;
; 4:1                ; 2 bits    ; 4 LEs         ; 4 LEs                ; 0 LEs                  ; No         ; |lab6_toplevel|slc3:my_slc|ISDU:state_controller|State                        ;
; 9:1                ; 16 bits   ; 96 LEs        ; 96 LEs               ; 0 LEs                  ; No         ; |lab6_toplevel|slc3:my_slc|datapath:d0|Mux2IN_16B:SR2_Mux|OUT[0]              ;
+--------------------+-----------+---------------+----------------------+------------------------+------------+-------------------------------------------------------------------------------+


+-----------------------------------------------------------------------+
; Parameter Settings for User Entity Instance: slc3:my_slc|tristate:tr0 ;
+----------------+-------+----------------------------------------------+
; Parameter Name ; Value ; Type                                         ;
+----------------+-------+----------------------------------------------+
; N              ; 16    ; Signed Integer                               ;
+----------------+-------+----------------------------------------------+
Note: In order to hide this table in the UI and the text report file, please set the "Show Parameter Settings in Synthesis Report" option in "Analysis and Synthesis Settings -> More Settings" to "Off".


+-------------------------------------------------------------------------+
; Parameter Settings for User Entity Instance: test_memory:my_test_memory ;
+----------------+-------+------------------------------------------------+
; Parameter Name ; Value ; Type                                           ;
+----------------+-------+------------------------------------------------+
; size           ; 256   ; Signed Integer                                 ;
; init_external  ; 0     ; Signed Integer                                 ;
+----------------+-------+------------------------------------------------+
Note: In order to hide this table in the UI and the text report file, please set the "Show Parameter Settings in Synthesis Report" option in "Analysis and Synthesis Settings -> More Settings" to "Off".


+----------------------------------------------------------------------------------------------+
; Parameter Settings for User Entity Instance: test_memory:my_test_memory|memory_parser:parser ;
+----------------+-------+---------------------------------------------------------------------+
; Parameter Name ; Value ; Type                                                                ;
+----------------+-------+---------------------------------------------------------------------+
; size           ; 256   ; Signed Integer                                                      ;
+----------------+-------+---------------------------------------------------------------------+
Note: In order to hide this table in the UI and the text report file, please set the "Show Parameter Settings in Synthesis Report" option in "Analysis and Synthesis Settings -> More Settings" to "Off".


+------------------------------------------------------------------------------------------------------------------------+
; Port Connectivity Checks: "slc3:my_slc|Mem2IO:memory_subsystem"                                                        ;
+--------------+--------+----------+-------------------------------------------------------------------------------------+
; Port         ; Type   ; Severity ; Details                                                                             ;
+--------------+--------+----------+-------------------------------------------------------------------------------------+
; ADDR[19..16] ; Input  ; Info     ; Stuck at GND                                                                        ;
; HEX0         ; Output ; Info     ; Connected to dangling logic. Logic that only feeds a dangling port will be removed. ;
; HEX1         ; Output ; Info     ; Connected to dangling logic. Logic that only feeds a dangling port will be removed. ;
; HEX2         ; Output ; Info     ; Connected to dangling logic. Logic that only feeds a dangling port will be removed. ;
; HEX3         ; Output ; Info     ; Connected to dangling logic. Logic that only feeds a dangling port will be removed. ;
+--------------+--------+----------+-------------------------------------------------------------------------------------+


+----------------------------------------------------------------------+
; Port Connectivity Checks: "slc3:my_slc|datapath:d0|Mux2IN_3B:Mux_DR" ;
+------+-------+----------+--------------------------------------------+
; Port ; Type  ; Severity ; Details                                    ;
+------+-------+----------+--------------------------------------------+
; in1  ; Input ; Info     ; Stuck at VCC                               ;
+------+-------+----------+--------------------------------------------+


+--------------------------------------------------------------------------+
; Port Connectivity Checks: "slc3:my_slc|datapath:d0|Mux4IN_16B:ADDR2_Mux" ;
+------+-------+----------+------------------------------------------------+
; Port ; Type  ; Severity ; Details                                        ;
+------+-------+----------+------------------------------------------------+
; in0  ; Input ; Info     ; Stuck at GND                                   ;
+------+-------+----------+------------------------------------------------+


+-----------------------------------------------------------------------+
; Port Connectivity Checks: "slc3:my_slc|datapath:d0|Mux4IN_16B:PC_mux" ;
+------+-------+----------+---------------------------------------------+
; Port ; Type  ; Severity ; Details                                     ;
+------+-------+----------+---------------------------------------------+
; in3  ; Input ; Info     ; Stuck at GND                                ;
+------+-------+----------+---------------------------------------------+


+-----------------------------------------------------+
; Post-Synthesis Netlist Statistics for Top Partition ;
+-----------------------+-----------------------------+
; Type                  ; Count                       ;
+-----------------------+-----------------------------+
; boundary_port         ; 129                         ;
; cycloneiii_ff         ; 103                         ;
;     ENA               ; 32                          ;
;     ENA SCLR          ; 16                          ;
;     ENA SCLR SLD      ; 16                          ;
;     SCLR              ; 2                           ;
;     plain             ; 37                          ;
; cycloneiii_io_obuf    ; 16                          ;
; cycloneiii_lcell_comb ; 146                         ;
;     arith             ; 15                          ;
;         2 data inputs ; 15                          ;
;     normal            ; 131                         ;
;         0 data inputs ; 2                           ;
;         1 data inputs ; 9                           ;
;         2 data inputs ; 23                          ;
;         3 data inputs ; 18                          ;
;         4 data inputs ; 79                          ;
;                       ;                             ;
; Max LUT depth         ; 3.00                        ;
; Average LUT depth     ; 1.50                        ;
+-----------------------+-----------------------------+


+-------------------------------+
; Elapsed Time Per Partition    ;
+----------------+--------------+
; Partition Name ; Elapsed Time ;
+----------------+--------------+
; Top            ; 00:00:00     ;
+----------------+--------------+


+-------------------------------+
; Analysis & Synthesis Messages ;
+-------------------------------+
Info: *******************************************************************
Info: Running Quartus Prime Analysis & Synthesis
    Info: Version 18.1.0 Build 625 09/12/2018 SJ Lite Edition
    Info: Processing started: Wed Apr 02 19:42:52 2025
Info: Command: quartus_map --read_settings_files=on --write_settings_files=off LAB6WEEK1_TEAM44 -c LAB6WEEK1_TEAM44
Warning (18236): Number of processors has not been specified which may cause overloading on shared machines.  Set the global assignment NUM_PARALLEL_PROCESSORS in your QSF to an appropriate value for best performance.
Info (20030): Parallel compilation is enabled and will use 16 of the 16 processors detected
Info (12021): Found 1 design units, including 1 entities, in source file alu.sv
    Info (12023): Found entity 1: ALU File: C:/Users/artha/OneDrive/Documents/Lecture/Year 2025 Spring Semester/LAB6WEEK1_TEAM44/ALU.sv Line: 1
Info (12021): Found 1 design units, including 1 entities, in source file datapath.sv
    Info (12023): Found entity 1: datapath File: C:/Users/artha/OneDrive/Documents/Lecture/Year 2025 Spring Semester/LAB6WEEK1_TEAM44/datapath.sv Line: 1
Info (12021): Found 1 design units, including 1 entities, in source file hexdriver.sv
    Info (12023): Found entity 1: HexDriver File: C:/Users/artha/OneDrive/Documents/Lecture/Year 2025 Spring Semester/LAB6WEEK1_TEAM44/HexDriver.sv Line: 1
Info (12021): Found 1 design units, including 1 entities, in source file isdu.sv
    Info (12023): Found entity 1: ISDU File: C:/Users/artha/OneDrive/Documents/Lecture/Year 2025 Spring Semester/LAB6WEEK1_TEAM44/ISDU.sv Line: 19
Info (12021): Found 1 design units, including 1 entities, in source file lab6_toplevel.sv
    Info (12023): Found entity 1: lab6_toplevel File: C:/Users/artha/OneDrive/Documents/Lecture/Year 2025 Spring Semester/LAB6WEEK1_TEAM44/lab6_toplevel.sv Line: 10
Info (12021): Found 1 design units, including 1 entities, in source file mem2io.sv
    Info (12023): Found entity 1: Mem2IO File: C:/Users/artha/OneDrive/Documents/Lecture/Year 2025 Spring Semester/LAB6WEEK1_TEAM44/Mem2IO.sv Line: 16
Info (12021): Found 1 design units, including 1 entities, in source file memory_contents.sv
    Info (12023): Found entity 1: memory_parser File: C:/Users/artha/OneDrive/Documents/Lecture/Year 2025 Spring Semester/LAB6WEEK1_TEAM44/memory_contents.sv Line: 16
Info (12021): Found 4 design units, including 4 entities, in source file mux.sv
    Info (12023): Found entity 1: Mux_FOR_BUS File: C:/Users/artha/OneDrive/Documents/Lecture/Year 2025 Spring Semester/LAB6WEEK1_TEAM44/MUX.sv Line: 1
    Info (12023): Found entity 2: Mux4IN_16B File: C:/Users/artha/OneDrive/Documents/Lecture/Year 2025 Spring Semester/LAB6WEEK1_TEAM44/MUX.sv Line: 21
    Info (12023): Found entity 3: Mux2IN_3B File: C:/Users/artha/OneDrive/Documents/Lecture/Year 2025 Spring Semester/LAB6WEEK1_TEAM44/MUX.sv Line: 41
    Info (12023): Found entity 4: Mux2IN_16B File: C:/Users/artha/OneDrive/Documents/Lecture/Year 2025 Spring Semester/LAB6WEEK1_TEAM44/MUX.sv Line: 56
Info (12021): Found 1 design units, including 1 entities, in source file reg_file.sv
    Info (12023): Found entity 1: register_file File: C:/Users/artha/OneDrive/Documents/Lecture/Year 2025 Spring Semester/LAB6WEEK1_TEAM44/reg_file.sv Line: 1
Info (12021): Found 4 design units, including 4 entities, in source file register.sv
    Info (12023): Found entity 1: register_1B File: C:/Users/artha/OneDrive/Documents/Lecture/Year 2025 Spring Semester/LAB6WEEK1_TEAM44/register.sv Line: 1
    Info (12023): Found entity 2: register_3B File: C:/Users/artha/OneDrive/Documents/Lecture/Year 2025 Spring Semester/LAB6WEEK1_TEAM44/register.sv Line: 15
    Info (12023): Found entity 3: register_12B File: C:/Users/artha/OneDrive/Documents/Lecture/Year 2025 Spring Semester/LAB6WEEK1_TEAM44/register.sv Line: 29
    Info (12023): Found entity 4: register_16B File: C:/Users/artha/OneDrive/Documents/Lecture/Year 2025 Spring Semester/LAB6WEEK1_TEAM44/register.sv Line: 43
Info (12021): Found 1 design units, including 1 entities, in source file sext.sv
    Info (12023): Found entity 1: SEXT File: C:/Users/artha/OneDrive/Documents/Lecture/Year 2025 Spring Semester/LAB6WEEK1_TEAM44/SEXT.sv Line: 3
Info (12021): Found 1 design units, including 1 entities, in source file slc3.sv
    Info (12023): Found entity 1: slc3 File: C:/Users/artha/OneDrive/Documents/Lecture/Year 2025 Spring Semester/LAB6WEEK1_TEAM44/slc3.sv Line: 20
Info (12021): Found 1 design units, including 0 entities, in source file slc3_2.sv
    Info (12022): Found design unit 1: SLC3_2 (SystemVerilog) File: C:/Users/artha/OneDrive/Documents/Lecture/Year 2025 Spring Semester/LAB6WEEK1_TEAM44/SLC3_2.sv Line: 24
Info (12021): Found 1 design units, including 1 entities, in source file test_memory.sv
    Info (12023): Found entity 1: test_memory File: C:/Users/artha/OneDrive/Documents/Lecture/Year 2025 Spring Semester/LAB6WEEK1_TEAM44/test_memory.sv Line: 22
Info (12021): Found 1 design units, including 1 entities, in source file testbench_week1.sv
    Info (12023): Found entity 1: testbench_week1 File: C:/Users/artha/OneDrive/Documents/Lecture/Year 2025 Spring Semester/LAB6WEEK1_TEAM44/testbench_week1.sv Line: 10
Info (12021): Found 1 design units, including 1 entities, in source file tristate.sv
    Info (12023): Found entity 1: tristate File: C:/Users/artha/OneDrive/Documents/Lecture/Year 2025 Spring Semester/LAB6WEEK1_TEAM44/tristate.sv Line: 16
Info (12127): Elaborating entity "lab6_toplevel" for the top level hierarchy
Info (12128): Elaborating entity "slc3" for hierarchy "slc3:my_slc" File: C:/Users/artha/OneDrive/Documents/Lecture/Year 2025 Spring Semester/LAB6WEEK1_TEAM44/lab6_toplevel.sv Line: 18
Info (12128): Elaborating entity "HexDriver" for hierarchy "slc3:my_slc|HexDriver:hex_driver3" File: C:/Users/artha/OneDrive/Documents/Lecture/Year 2025 Spring Semester/LAB6WEEK1_TEAM44/slc3.sv Line: 53
Info (12128): Elaborating entity "datapath" for hierarchy "slc3:my_slc|datapath:d0" File: C:/Users/artha/OneDrive/Documents/Lecture/Year 2025 Spring Semester/LAB6WEEK1_TEAM44/slc3.sv Line: 81
Warning (10230): Verilog HDL assignment warning at datapath.sv(50): truncated value with size 32 to match size of target (16) File: C:/Users/artha/OneDrive/Documents/Lecture/Year 2025 Spring Semester/LAB6WEEK1_TEAM44/datapath.sv Line: 50
Info (12128): Elaborating entity "register_16B" for hierarchy "slc3:my_slc|datapath:d0|register_16B:MDR_reg" File: C:/Users/artha/OneDrive/Documents/Lecture/Year 2025 Spring Semester/LAB6WEEK1_TEAM44/datapath.sv Line: 19
Info (12128): Elaborating entity "register_12B" for hierarchy "slc3:my_slc|datapath:d0|register_12B:LED_reg" File: C:/Users/artha/OneDrive/Documents/Lecture/Year 2025 Spring Semester/LAB6WEEK1_TEAM44/datapath.sv Line: 23
Info (12128): Elaborating entity "register_3B" for hierarchy "slc3:my_slc|datapath:d0|register_3B:NZP_reg" File: C:/Users/artha/OneDrive/Documents/Lecture/Year 2025 Spring Semester/LAB6WEEK1_TEAM44/datapath.sv Line: 24
Info (12128): Elaborating entity "register_1B" for hierarchy "slc3:my_slc|datapath:d0|register_1B:BEN_reg" File: C:/Users/artha/OneDrive/Documents/Lecture/Year 2025 Spring Semester/LAB6WEEK1_TEAM44/datapath.sv Line: 25
Info (12128): Elaborating entity "register_file" for hierarchy "slc3:my_slc|datapath:d0|register_file:REGISTER" File: C:/Users/artha/OneDrive/Documents/Lecture/Year 2025 Spring Semester/LAB6WEEK1_TEAM44/datapath.sv Line: 28
Info (12128): Elaborating entity "SEXT" for hierarchy "slc3:my_slc|datapath:d0|SEXT:u_SEXT" File: C:/Users/artha/OneDrive/Documents/Lecture/Year 2025 Spring Semester/LAB6WEEK1_TEAM44/datapath.sv Line: 31
Info (12128): Elaborating entity "Mux4IN_16B" for hierarchy "slc3:my_slc|datapath:d0|Mux4IN_16B:PC_mux" File: C:/Users/artha/OneDrive/Documents/Lecture/Year 2025 Spring Semester/LAB6WEEK1_TEAM44/datapath.sv Line: 34
Info (12128): Elaborating entity "Mux2IN_16B" for hierarchy "slc3:my_slc|datapath:d0|Mux2IN_16B:MDR_mux" File: C:/Users/artha/OneDrive/Documents/Lecture/Year 2025 Spring Semester/LAB6WEEK1_TEAM44/datapath.sv Line: 35
Info (12128): Elaborating entity "Mux_FOR_BUS" for hierarchy "slc3:my_slc|datapath:d0|Mux_FOR_BUS:bus_mux" File: C:/Users/artha/OneDrive/Documents/Lecture/Year 2025 Spring Semester/LAB6WEEK1_TEAM44/datapath.sv Line: 36
Info (10264): Verilog HDL Case Statement information at MUX.sv(11): all case item expressions in this case statement are onehot File: C:/Users/artha/OneDrive/Documents/Lecture/Year 2025 Spring Semester/LAB6WEEK1_TEAM44/MUX.sv Line: 11
Info (12128): Elaborating entity "Mux2IN_3B" for hierarchy "slc3:my_slc|datapath:d0|Mux2IN_3B:Mux_SR1" File: C:/Users/artha/OneDrive/Documents/Lecture/Year 2025 Spring Semester/LAB6WEEK1_TEAM44/datapath.sv Line: 40
Info (12128): Elaborating entity "ALU" for hierarchy "slc3:my_slc|datapath:d0|ALU:u_ALU" File: C:/Users/artha/OneDrive/Documents/Lecture/Year 2025 Spring Semester/LAB6WEEK1_TEAM44/datapath.sv Line: 44
Info (12128): Elaborating entity "Mem2IO" for hierarchy "slc3:my_slc|Mem2IO:memory_subsystem" File: C:/Users/artha/OneDrive/Documents/Lecture/Year 2025 Spring Semester/LAB6WEEK1_TEAM44/slc3.sv Line: 89
Info (12128): Elaborating entity "tristate" for hierarchy "slc3:my_slc|tristate:tr0" File: C:/Users/artha/OneDrive/Documents/Lecture/Year 2025 Spring Semester/LAB6WEEK1_TEAM44/slc3.sv Line: 94
Info (12128): Elaborating entity "ISDU" for hierarchy "slc3:my_slc|ISDU:state_controller" File: C:/Users/artha/OneDrive/Documents/Lecture/Year 2025 Spring Semester/LAB6WEEK1_TEAM44/slc3.sv Line: 101
Info (12128): Elaborating entity "test_memory" for hierarchy "test_memory:my_test_memory" File: C:/Users/artha/OneDrive/Documents/Lecture/Year 2025 Spring Semester/LAB6WEEK1_TEAM44/lab6_toplevel.sv Line: 22
Warning (10036): Verilog HDL or VHDL warning at test_memory.sv(42): object "actual_address" assigned a value but never read File: C:/Users/artha/OneDrive/Documents/Lecture/Year 2025 Spring Semester/LAB6WEEK1_TEAM44/test_memory.sv Line: 42
Info (12128): Elaborating entity "memory_parser" for hierarchy "test_memory:my_test_memory|memory_parser:parser" File: C:/Users/artha/OneDrive/Documents/Lecture/Year 2025 Spring Semester/LAB6WEEK1_TEAM44/test_memory.sv Line: 48
Warning (13008): TRI or OPNDRN buffers permanently disabled
    Warning (13010): Node "slc3:my_slc|tristate:tr0|Data[0]~synth" File: C:/Users/artha/OneDrive/Documents/Lecture/Year 2025 Spring Semester/LAB6WEEK1_TEAM44/tristate.sv Line: 22
    Warning (13010): Node "slc3:my_slc|tristate:tr0|Data[1]~synth" File: C:/Users/artha/OneDrive/Documents/Lecture/Year 2025 Spring Semester/LAB6WEEK1_TEAM44/tristate.sv Line: 22
    Warning (13010): Node "slc3:my_slc|tristate:tr0|Data[2]~synth" File: C:/Users/artha/OneDrive/Documents/Lecture/Year 2025 Spring Semester/LAB6WEEK1_TEAM44/tristate.sv Line: 22
    Warning (13010): Node "slc3:my_slc|tristate:tr0|Data[3]~synth" File: C:/Users/artha/OneDrive/Documents/Lecture/Year 2025 Spring Semester/LAB6WEEK1_TEAM44/tristate.sv Line: 22
    Warning (13010): Node "slc3:my_slc|tristate:tr0|Data[4]~synth" File: C:/Users/artha/OneDrive/Documents/Lecture/Year 2025 Spring Semester/LAB6WEEK1_TEAM44/tristate.sv Line: 22
    Warning (13010): Node "slc3:my_slc|tristate:tr0|Data[5]~synth" File: C:/Users/artha/OneDrive/Documents/Lecture/Year 2025 Spring Semester/LAB6WEEK1_TEAM44/tristate.sv Line: 22
    Warning (13010): Node "slc3:my_slc|tristate:tr0|Data[6]~synth" File: C:/Users/artha/OneDrive/Documents/Lecture/Year 2025 Spring Semester/LAB6WEEK1_TEAM44/tristate.sv Line: 22
    Warning (13010): Node "slc3:my_slc|tristate:tr0|Data[7]~synth" File: C:/Users/artha/OneDrive/Documents/Lecture/Year 2025 Spring Semester/LAB6WEEK1_TEAM44/tristate.sv Line: 22
    Warning (13010): Node "slc3:my_slc|tristate:tr0|Data[8]~synth" File: C:/Users/artha/OneDrive/Documents/Lecture/Year 2025 Spring Semester/LAB6WEEK1_TEAM44/tristate.sv Line: 22
    Warning (13010): Node "slc3:my_slc|tristate:tr0|Data[9]~synth" File: C:/Users/artha/OneDrive/Documents/Lecture/Year 2025 Spring Semester/LAB6WEEK1_TEAM44/tristate.sv Line: 22
    Warning (13010): Node "slc3:my_slc|tristate:tr0|Data[10]~synth" File: C:/Users/artha/OneDrive/Documents/Lecture/Year 2025 Spring Semester/LAB6WEEK1_TEAM44/tristate.sv Line: 22
    Warning (13010): Node "slc3:my_slc|tristate:tr0|Data[11]~synth" File: C:/Users/artha/OneDrive/Documents/Lecture/Year 2025 Spring Semester/LAB6WEEK1_TEAM44/tristate.sv Line: 22
    Warning (13010): Node "slc3:my_slc|tristate:tr0|Data[12]~synth" File: C:/Users/artha/OneDrive/Documents/Lecture/Year 2025 Spring Semester/LAB6WEEK1_TEAM44/tristate.sv Line: 22
    Warning (13010): Node "slc3:my_slc|tristate:tr0|Data[13]~synth" File: C:/Users/artha/OneDrive/Documents/Lecture/Year 2025 Spring Semester/LAB6WEEK1_TEAM44/tristate.sv Line: 22
    Warning (13010): Node "slc3:my_slc|tristate:tr0|Data[14]~synth" File: C:/Users/artha/OneDrive/Documents/Lecture/Year 2025 Spring Semester/LAB6WEEK1_TEAM44/tristate.sv Line: 22
    Warning (13010): Node "slc3:my_slc|tristate:tr0|Data[15]~synth" File: C:/Users/artha/OneDrive/Documents/Lecture/Year 2025 Spring Semester/LAB6WEEK1_TEAM44/tristate.sv Line: 22
Warning (13024): Output pins are stuck at VCC or GND
    Warning (13410): Pin "LED[0]" is stuck at GND File: C:/Users/artha/OneDrive/Documents/Lecture/Year 2025 Spring Semester/LAB6WEEK1_TEAM44/lab6_toplevel.sv Line: 12
    Warning (13410): Pin "LED[1]" is stuck at GND File: C:/Users/artha/OneDrive/Documents/Lecture/Year 2025 Spring Semester/LAB6WEEK1_TEAM44/lab6_toplevel.sv Line: 12
    Warning (13410): Pin "LED[2]" is stuck at GND File: C:/Users/artha/OneDrive/Documents/Lecture/Year 2025 Spring Semester/LAB6WEEK1_TEAM44/lab6_toplevel.sv Line: 12
    Warning (13410): Pin "LED[3]" is stuck at GND File: C:/Users/artha/OneDrive/Documents/Lecture/Year 2025 Spring Semester/LAB6WEEK1_TEAM44/lab6_toplevel.sv Line: 12
    Warning (13410): Pin "LED[4]" is stuck at GND File: C:/Users/artha/OneDrive/Documents/Lecture/Year 2025 Spring Semester/LAB6WEEK1_TEAM44/lab6_toplevel.sv Line: 12
    Warning (13410): Pin "LED[5]" is stuck at GND File: C:/Users/artha/OneDrive/Documents/Lecture/Year 2025 Spring Semester/LAB6WEEK1_TEAM44/lab6_toplevel.sv Line: 12
    Warning (13410): Pin "LED[6]" is stuck at GND File: C:/Users/artha/OneDrive/Documents/Lecture/Year 2025 Spring Semester/LAB6WEEK1_TEAM44/lab6_toplevel.sv Line: 12
    Warning (13410): Pin "LED[7]" is stuck at GND File: C:/Users/artha/OneDrive/Documents/Lecture/Year 2025 Spring Semester/LAB6WEEK1_TEAM44/lab6_toplevel.sv Line: 12
    Warning (13410): Pin "LED[8]" is stuck at GND File: C:/Users/artha/OneDrive/Documents/Lecture/Year 2025 Spring Semester/LAB6WEEK1_TEAM44/lab6_toplevel.sv Line: 12
    Warning (13410): Pin "LED[9]" is stuck at GND File: C:/Users/artha/OneDrive/Documents/Lecture/Year 2025 Spring Semester/LAB6WEEK1_TEAM44/lab6_toplevel.sv Line: 12
    Warning (13410): Pin "LED[10]" is stuck at GND File: C:/Users/artha/OneDrive/Documents/Lecture/Year 2025 Spring Semester/LAB6WEEK1_TEAM44/lab6_toplevel.sv Line: 12
    Warning (13410): Pin "LED[11]" is stuck at GND File: C:/Users/artha/OneDrive/Documents/Lecture/Year 2025 Spring Semester/LAB6WEEK1_TEAM44/lab6_toplevel.sv Line: 12
    Warning (13410): Pin "CE" is stuck at GND File: C:/Users/artha/OneDrive/Documents/Lecture/Year 2025 Spring Semester/LAB6WEEK1_TEAM44/lab6_toplevel.sv Line: 14
    Warning (13410): Pin "UB" is stuck at GND File: C:/Users/artha/OneDrive/Documents/Lecture/Year 2025 Spring Semester/LAB6WEEK1_TEAM44/lab6_toplevel.sv Line: 14
    Warning (13410): Pin "LB" is stuck at GND File: C:/Users/artha/OneDrive/Documents/Lecture/Year 2025 Spring Semester/LAB6WEEK1_TEAM44/lab6_toplevel.sv Line: 14
    Warning (13410): Pin "WE" is stuck at VCC File: C:/Users/artha/OneDrive/Documents/Lecture/Year 2025 Spring Semester/LAB6WEEK1_TEAM44/lab6_toplevel.sv Line: 14
    Warning (13410): Pin "ADDR[16]" is stuck at GND File: C:/Users/artha/OneDrive/Documents/Lecture/Year 2025 Spring Semester/LAB6WEEK1_TEAM44/lab6_toplevel.sv Line: 15
    Warning (13410): Pin "ADDR[17]" is stuck at GND File: C:/Users/artha/OneDrive/Documents/Lecture/Year 2025 Spring Semester/LAB6WEEK1_TEAM44/lab6_toplevel.sv Line: 15
    Warning (13410): Pin "ADDR[18]" is stuck at GND File: C:/Users/artha/OneDrive/Documents/Lecture/Year 2025 Spring Semester/LAB6WEEK1_TEAM44/lab6_toplevel.sv Line: 15
    Warning (13410): Pin "ADDR[19]" is stuck at GND File: C:/Users/artha/OneDrive/Documents/Lecture/Year 2025 Spring Semester/LAB6WEEK1_TEAM44/lab6_toplevel.sv Line: 15
Info (286030): Timing-Driven Synthesis is running
Info (17049): 133 registers lost all their fanouts during netlist optimizations.
Info (144001): Generated suppressed messages file C:/Users/artha/OneDrive/Documents/Lecture/Year 2025 Spring Semester/LAB6WEEK1_TEAM44/output_files/LAB6WEEK1_TEAM44.map.smsg
Info (16010): Generating hard_block partition "hard_block:auto_generated_inst"
    Info (16011): Adding 0 node(s), including 0 DDIO, 0 PLL, 0 transceiver and 0 LCELL
Info (21057): Implemented 329 device resources after synthesis - the final resource count might be different
    Info (21058): Implemented 20 input pins
    Info (21059): Implemented 93 output pins
    Info (21060): Implemented 16 bidirectional pins
    Info (21061): Implemented 200 logic cells
Info: Quartus Prime Analysis & Synthesis was successful. 0 errors, 41 warnings
    Info: Peak virtual memory: 4847 megabytes
    Info: Processing ended: Wed Apr 02 19:43:02 2025
    Info: Elapsed time: 00:00:10
    Info: Total CPU time (on all processors): 00:00:10


+------------------------------------------+
; Analysis & Synthesis Suppressed Messages ;
+------------------------------------------+
The suppressed messages can be found in C:/Users/artha/OneDrive/Documents/Lecture/Year 2025 Spring Semester/LAB6WEEK1_TEAM44/output_files/LAB6WEEK1_TEAM44.map.smsg.


